[90mGET / [32m200 [90m75ms - 349b[0m
[90mGET / [32m200 [90m30ms - 349b[0m
[90mGET / [32m200 [90m31ms - 349b[0m
[90mGET / [32m200 [90m26ms - 2.04kb[0m
Error: Failed to lookup view "error" in views directory "/vagrant/site/influence/views"
    at Function.app.render (/vagrant/site/influence/node_modules/express/lib/application.js:492:17)
    at ServerResponse.res.render (/vagrant/site/influence/node_modules/express/lib/response.js:802:7)
    at Layer.module.exports [as handle] (/vagrant/site/influence/app.js:64:9)
    at trim_prefix (/vagrant/site/influence/node_modules/express/lib/router/index.js:235:17)
    at /vagrant/site/influence/node_modules/express/lib/router/index.js:208:9
    at Function.proto.process_params (/vagrant/site/influence/node_modules/express/lib/router/index.js:269:12)
    at IncomingMessage.next (/vagrant/site/influence/node_modules/express/lib/router/index.js:199:19)
    at fn (/vagrant/site/influence/node_modules/express/lib/response.js:797:25)
    at Function.app.render (/vagrant/site/influence/node_modules/express/lib/application.js:494:14)
    at ServerResponse.res.render (/vagrant/site/influence/node_modules/express/lib/response.js:802:7)
[90mGET /public/stylesheets/style.css [31m500 [90m62ms - 1.03kb[0m
[90mGET / [32m200 [90m28ms - 2.04kb[0m
Error: Failed to lookup view "error" in views directory "/vagrant/site/influence/views"
    at Function.app.render (/vagrant/site/influence/node_modules/express/lib/application.js:492:17)
    at ServerResponse.res.render (/vagrant/site/influence/node_modules/express/lib/response.js:802:7)
    at Layer.module.exports [as handle] (/vagrant/site/influence/app.js:64:9)
    at trim_prefix (/vagrant/site/influence/node_modules/express/lib/router/index.js:235:17)
    at /vagrant/site/influence/node_modules/express/lib/router/index.js:208:9
    at Function.proto.process_params (/vagrant/site/influence/node_modules/express/lib/router/index.js:269:12)
    at IncomingMessage.next (/vagrant/site/influence/node_modules/express/lib/router/index.js:199:19)
    at fn (/vagrant/site/influence/node_modules/express/lib/response.js:797:25)
    at Function.app.render (/vagrant/site/influence/node_modules/express/lib/application.js:494:14)
    at ServerResponse.res.render (/vagrant/site/influence/node_modules/express/lib/response.js:802:7)
[90mGET /public/stylesheets/style.css [31m500 [90m37ms - 1.03kb[0m
Error: Failed to lookup view "error" in views directory "/vagrant/site/influence/views"
    at Function.app.render (/vagrant/site/influence/node_modules/express/lib/application.js:492:17)
    at ServerResponse.res.render (/vagrant/site/influence/node_modules/express/lib/response.js:802:7)
    at Layer.module.exports [as handle] (/vagrant/site/influence/app.js:64:9)
    at trim_prefix (/vagrant/site/influence/node_modules/express/lib/router/index.js:235:17)
    at /vagrant/site/influence/node_modules/express/lib/router/index.js:208:9
    at Function.proto.process_params (/vagrant/site/influence/node_modules/express/lib/router/index.js:269:12)
    at IncomingMessage.next (/vagrant/site/influence/node_modules/express/lib/router/index.js:199:19)
    at fn (/vagrant/site/influence/node_modules/express/lib/response.js:797:25)
    at Function.app.render (/vagrant/site/influence/node_modules/express/lib/application.js:494:14)
    at ServerResponse.res.render (/vagrant/site/influence/node_modules/express/lib/response.js:802:7)
[90mGET /public/stylesheets/style.css [31m500 [90m23ms - 1.03kb[0m
Error: Failed to lookup view "error" in views directory "/vagrant/site/influence/views"
    at Function.app.render (/vagrant/site/influence/node_modules/express/lib/application.js:492:17)
    at ServerResponse.res.render (/vagrant/site/influence/node_modules/express/lib/response.js:802:7)
    at Layer.module.exports [as handle] (/vagrant/site/influence/app.js:64:9)
    at trim_prefix (/vagrant/site/influence/node_modules/express/lib/router/index.js:235:17)
    at /vagrant/site/influence/node_modules/express/lib/router/index.js:208:9
    at Function.proto.process_params (/vagrant/site/influence/node_modules/express/lib/router/index.js:269:12)
    at IncomingMessage.next (/vagrant/site/influence/node_modules/express/lib/router/index.js:199:19)
    at fn (/vagrant/site/influence/node_modules/express/lib/response.js:797:25)
    at Function.app.render (/vagrant/site/influence/node_modules/express/lib/application.js:494:14)
    at ServerResponse.res.render (/vagrant/site/influence/node_modules/express/lib/response.js:802:7)
[90mGET /public/stylesheets/style.css [31m500 [90m23ms - 1.03kb[0m
[90mGET /stylesheets/style.css [32m200 [90m27ms - 2.69kb[0m
[90mGET / [32m200 [90m26ms - 2.03kb[0m
[90mGET /stylesheets/style.css [32m200 [90m26ms - 2.69kb[0m
[90mGET / [32m200 [90m51ms - 2.03kb[0m
[90mGET /stylesheets/style.css [32m200 [90m23ms - 2.69kb[0m
[90mGET / [32m200 [90m33ms - 2.03kb[0m
[90mGET /stylesheets/style.css [36m304 [90m10ms[0m
